<?xml version="1.0" encoding="UTF-8"?>
<testsuite name="ScrabbleTest" tests="5" skipped="0" failures="0" errors="0" timestamp="2016-04-19T20:36:30" hostname="epicodus-31.local" time="0.002">
  <properties/>
  <testcase name="runScrabble_returnsScoreRegardlessOfCase_1" classname="ScrabbleTest" time="0.001"/>
  <testcase name="runScrabble_returnsScoreforAllLettersOfSomeValue_10" classname="ScrabbleTest" time="0.0"/>
  <testcase name="runScrabble_returnsScoreMixedLettersRegardlessOfCase_5" classname="ScrabbleTest" time="0.001"/>
  <testcase name="runScrabble_returnsScoreForSingleLetter_1" classname="ScrabbleTest" time="0.0"/>
  <testcase name="runScrabble_returnsScoreforAllLettersOfOneWord_5" classname="ScrabbleTest" time="0.0"/>
  <system-out><![CDATA[]]></system-out>
  <system-err><![CDATA[]]></system-err>
</testsuite>
